Review mode: demo-approve
Terminal summary: {'approved': 5}

Question: q1_gtv_idr_by_asset_oct_2025
Decision: approve
Terminal state: approved
QA summary: 1 quality flag(s) found. Hypotheses are included only where evidence exists.

Question: q2_gtv_usd_oct_2025
Decision: approve
Terminal state: approved
QA summary: 1 quality flag(s) found. Hypotheses are included only where evidence exists.

Question: q3_mtu_oct_2025
Decision: approve
Terminal state: approved
QA summary: 1 quality flag(s) found. Hypotheses are included only where evidence exists.

Question: q4_transaction_count_by_asset_oct_2025
Decision: approve
Terminal state: approved
QA summary: 1 quality flag(s) found. Hypotheses are included only where evidence exists.

Question: q5_gtv_mom_trend_oct_dec_2025
Decision: approve
Terminal state: approved
QA summary: 1 quality flag(s) found. Hypotheses are included only where evidence exists.
